<?xml version="1.0" encoding="UTF-8"?><testsuite errors="0" failures="0" name="com.virgingames.www.gamesinfo.GamesCurdTestWithSteps" skipped="0" tests="3" time="3.53" timestamp="2023-08-17T23:01:26.559+01:00[Europe/London]"><testcase classname="com.virgingames.www.gamesinfo.GamesCurdTestWithSteps" name="This will be get All Games"/><testcase classname="com.virgingames.www.gamesinfo.GamesCurdTestWithSteps" name="This will be get All ERU Currency"/><testcase classname="com.virgingames.www.gamesinfo.GamesCurdTestWithSteps" name="This will be get All SEK Currency"/></testsuite>