<?xml version="1.0" encoding="UTF-8"?><testsuite errors="0" failures="0" name="com.virgingames.www.gamesinfo.GamesCURDTest" skipped="0" tests="3" time="3.6" timestamp="2023-08-17T23:02:36.296+01:00[Europe/London]"><testcase classname="com.virgingames.www.gamesinfo.GamesCURDTest" name="This will be get All data"/><testcase classname="com.virgingames.www.gamesinfo.GamesCURDTest" name="This will be get All data"/><testcase classname="com.virgingames.www.gamesinfo.GamesCURDTest" name="This will be get All data"/></testsuite>